# JRE version: OpenJDK Runtime Environment (8.0_112-b06) (build 1.8.0_112-release-b06)
# Java VM: OpenJDK 64-Bit Server VM (25.112-b06 mixed mode windows-amd64 compressed oops)
Heap:
 PSYoungGen      total 359936K, used 43564K [0x00000000e0000000, 0x0000000100000000, 0x0000000100000000)
  eden space 206336K, 0% used [0x00000000e0000000,0x00000000e0000000,0x00000000ec980000)
  from space 153600K, 28% used [0x00000000f5c00000,0x00000000f868b1f8,0x00000000ff200000)
  to   space 150016K, 0% used [0x00000000ec980000,0x00000000ec980000,0x00000000f5c00000)
 ParOldGen       total 506368K, used 471635K [0x00000000a0000000, 0x00000000bee80000, 0x00000000e0000000)
  object space 506368K, 93% used [0x00000000a0000000,0x00000000bcc94db8,0x00000000bee80000)
 Metaspace       used 106874K, capacity 113030K, committed 113152K, reserved 1148928K
  class space    used 13190K, capacity 14505K, committed 14592K, reserved 1048576K
GC Heap History (10 events):
Event: 5423.130 GC heap after
Heap after GC invocations=40 (full 6):
 PSYoungGen      total 323584K, used 123896K [0x00000000e0000000, 0x0000000100000000, 0x0000000100000000)
  eden space 199680K, 0% used [0x00000000e0000000,0x00000000e0000000,0x00000000ec300000)
  from space 123904K, 99% used [0x00000000f8700000,0x00000000ffffe1c0,0x0000000100000000)
  to   space 162304K, 0% used [0x00000000ec300000,0x00000000ec300000,0x00000000f6180000)
 ParOldGen       total 506368K, used 354400K [0x00000000a0000000, 0x00000000bee80000, 0x00000000e0000000)
  object space 506368K, 69% used [0x00000000a0000000,0x00000000b5a18350,0x00000000bee80000)
 Metaspace       used 106626K, capacity 112806K, committed 113152K, reserved 1148928K
  class space    used 13181K, capacity 14473K, committed 14592K, reserved 1048576K
}
Event: 5424.221 GC heap before
{Heap before GC invocations=41 (full 6):
 PSYoungGen      total 323584K, used 323576K [0x00000000e0000000, 0x0000000100000000, 0x0000000100000000)
  eden space 199680K, 100% used [0x00000000e0000000,0x00000000ec300000,0x00000000ec300000)
  from space 123904K, 99% used [0x00000000f8700000,0x00000000ffffe1c0,0x0000000100000000)
  to   space 162304K, 0% used [0x00000000ec300000,0x00000000ec300000,0x00000000f6180000)
 ParOldGen       total 506368K, used 354400K [0x00000000a0000000, 0x00000000bee80000, 0x00000000e0000000)
  object space 506368K, 69% used [0x00000000a0000000,0x00000000b5a18350,0x00000000bee80000)
 Metaspace       used 106666K, capacity 112806K, committed 113152K, reserved 1148928K
  class space    used 13181K, capacity 14473K, committed 14592K, reserved 1048576K
Event: 5424.318 GC heap after
Heap after GC invocations=41 (full 6):
 PSYoungGen      total 294912K, used 94727K [0x00000000e0000000, 0x0000000100000000, 0x0000000100000000)
  eden space 199680K, 0% used [0x00000000e0000000,0x00000000e0000000,0x00000000ec300000)
  from space 95232K, 99% used [0x00000000ec300000,0x00000000f1f81fc8,0x00000000f2000000)
  to   space 163328K, 0% used [0x00000000f6080000,0x00000000f6080000,0x0000000100000000)
 ParOldGen       total 506368K, used 389483K [0x00000000a0000000, 0x00000000bee80000, 0x00000000e0000000)
  object space 506368K, 76% used [0x00000000a0000000,0x00000000b7c5ae58,0x00000000bee80000)
 Metaspace       used 106666K, capacity 112806K, committed 113152K, reserved 1148928K
  class space    used 13181K, capacity 14473K, committed 14592K, reserved 1048576K
}
Event: 5425.180 GC heap before
{Heap before GC invocations=42 (full 6):
 PSYoungGen      total 294912K, used 294407K [0x00000000e0000000, 0x0000000100000000, 0x0000000100000000)
  eden space 199680K, 100% used [0x00000000e0000000,0x00000000ec300000,0x00000000ec300000)
  from space 95232K, 99% used [0x00000000ec300000,0x00000000f1f81fc8,0x00000000f2000000)
  to   space 163328K, 0% used [0x00000000f6080000,0x00000000f6080000,0x0000000100000000)
 ParOldGen       total 506368K, used 389483K [0x00000000a0000000, 0x00000000bee80000, 0x00000000e0000000)
  object space 506368K, 76% used [0x00000000a0000000,0x00000000b7c5ae58,0x00000000bee80000)
 Metaspace       used 106692K, capacity 112870K, committed 113152K, reserved 1148928K
  class space    used 13181K, capacity 14473K, committed 14592K, reserved 1048576K
Event: 5425.258 GC heap after
Heap after GC invocations=42 (full 6):
 PSYoungGen      total 366080K, used 79827K [0x00000000e0000000, 0x0000000100000000, 0x0000000100000000)
  eden space 202752K, 0% used [0x00000000e0000000,0x00000000e0000000,0x00000000ec600000)
  from space 163328K, 48% used [0x00000000f6080000,0x00000000fae74f50,0x0000000100000000)
  to   space 158208K, 0% used [0x00000000ec600000,0x00000000ec600000,0x00000000f6080000)
 ParOldGen       total 506368K, used 411151K [0x00000000a0000000, 0x00000000bee80000, 0x00000000e0000000)
  object space 506368K, 81% used [0x00000000a0000000,0x00000000b9183ec8,0x00000000bee80000)
 Metaspace       used 106692K, capacity 112870K, committed 113152K, reserved 1148928K
  class space    used 13181K, capacity 14473K, committed 14592K, reserved 1048576K
}
Event: 5425.867 GC heap before
{Heap before GC invocations=43 (full 6):
 PSYoungGen      total 366080K, used 282579K [0x00000000e0000000, 0x0000000100000000, 0x0000000100000000)
  eden space 202752K, 100% used [0x00000000e0000000,0x00000000ec600000,0x00000000ec600000)
  from space 163328K, 48% used [0x00000000f6080000,0x00000000fae74f50,0x0000000100000000)
  to   space 158208K, 0% used [0x00000000ec600000,0x00000000ec600000,0x00000000f6080000)
 ParOldGen       total 506368K, used 411151K [0x00000000a0000000, 0x00000000bee80000, 0x00000000e0000000)
  object space 506368K, 81% used [0x00000000a0000000,0x00000000b9183ec8,0x00000000bee80000)
 Metaspace       used 106736K, capacity 112902K, committed 113152K, reserved 1148928K
  class space    used 13183K, capacity 14505K, committed 14592K, reserved 1048576K
Event: 5425.936 GC heap after
Heap after GC invocations=43 (full 6):
 PSYoungGen      total 284672K, used 81776K [0x00000000e0000000, 0x00000000ff200000, 0x0000000100000000)
  eden space 202752K, 0% used [0x00000000e0000000,0x00000000e0000000,0x00000000ec600000)
  from space 81920K, 99% used [0x00000000ec600000,0x00000000f15dc2b0,0x00000000f1600000)
  to   space 153600K, 0% used [0x00000000f5c00000,0x00000000f5c00000,0x00000000ff200000)
 ParOldGen       total 506368K, used 418550K [0x00000000a0000000, 0x00000000bee80000, 0x00000000e0000000)
  object space 506368K, 82% used [0x00000000a0000000,0x00000000b98bdb88,0x00000000bee80000)
 Metaspace       used 106736K, capacity 112902K, committed 113152K, reserved 1148928K
  class space    used 13183K, capacity 14505K, committed 14592K, reserved 1048576K
}
Event: 5427.122 GC heap before
{Heap before GC invocations=44 (full 6):
 PSYoungGen      total 284672K, used 284528K [0x00000000e0000000, 0x00000000ff200000, 0x0000000100000000)
  eden space 202752K, 100% used [0x00000000e0000000,0x00000000ec600000,0x00000000ec600000)
  from space 81920K, 99% used [0x00000000ec600000,0x00000000f15dc2b0,0x00000000f1600000)
  to   space 153600K, 0% used [0x00000000f5c00000,0x00000000f5c00000,0x00000000ff200000)
 ParOldGen       total 506368K, used 418550K [0x00000000a0000000, 0x00000000bee80000, 0x00000000e0000000)
  object space 506368K, 82% used [0x00000000a0000000,0x00000000b98bdb88,0x00000000bee80000)
 Metaspace       used 106874K, capacity 113030K, committed 113152K, reserved 1148928K
  class space    used 13190K, capacity 14505K, committed 14592K, reserved 1048576K
Event: 5427.196 GC heap after
Heap after GC invocations=44 (full 6):
 PSYoungGen      total 359936K, used 43564K [0x00000000e0000000, 0x0000000100000000, 0x0000000100000000)
  eden space 206336K, 0% used [0x00000000e0000000,0x00000000e0000000,0x00000000ec980000)
  from space 153600K, 28% used [0x00000000f5c00000,0x00000000f868b1f8,0x00000000ff200000)
  to   space 150016K, 0% used [0x00000000ec980000,0x00000000ec980000,0x00000000f5c00000)
 ParOldGen       total 506368K, used 471635K [0x00000000a0000000, 0x00000000bee80000, 0x00000000e0000000)
  object space 506368K, 93% used [0x00000000a0000000,0x00000000bcc94db8,0x00000000bee80000)
 Metaspace       used 106874K, capacity 113030K, committed 113152K, reserved 1148928K
  class space    used 13190K, capacity 14505K, committed 14592K, reserved 1048576K
}
Event: 5427.197 GC heap before
{Heap before GC invocations=45 (full 7):
 PSYoungGen      total 359936K, used 43564K [0x00000000e0000000, 0x0000000100000000, 0x0000000100000000)
  eden space 206336K, 0% used [0x00000000e0000000,0x00000000e0000000,0x00000000ec980000)
  from space 153600K, 28% used [0x00000000f5c00000,0x00000000f868b1f8,0x00000000ff200000)
  to   space 150016K, 0% used [0x00000000ec980000,0x00000000ec980000,0x00000000f5c00000)
 ParOldGen       total 506368K, used 471635K [0x00000000a0000000, 0x00000000bee80000, 0x00000000e0000000)
  object space 506368K, 93% used [0x00000000a0000000,0x00000000bcc94db8,0x00000000bee80000)
 Metaspace       used 106874K, capacity 113030K, committed 113152K, reserved 1148928K
  class space    used 13190K, capacity 14505K, committed 14592K, reserved 1048576K

