# JRE version: OpenJDK Runtime Environment (8.0_112-b06) (build 1.8.0_112-release-b06)
# Java VM: OpenJDK 64-Bit Server VM (25.112-b06 mixed mode windows-amd64 compressed oops)
Heap:
 PSYoungGen      total 208384K, used 175104K [0x00000000e0000000, 0x00000000ff200000, 0x0000000100000000)
  eden space 175104K, 100% used [0x00000000e0000000,0x00000000eab00000,0x00000000eab00000)
  from space 33280K, 0% used [0x00000000eab00000,0x00000000eab00000,0x00000000ecb80000)
  to   space 167424K, 0% used [0x00000000f4e80000,0x00000000f4e80000,0x00000000ff200000)
 ParOldGen       total 1048576K, used 1023504K [0x00000000a0000000, 0x00000000e0000000, 0x00000000e0000000)
  object space 1048576K, 97% used [0x00000000a0000000,0x00000000de784118,0x00000000e0000000)
 Metaspace       used 122731K, capacity 129812K, committed 130008K, reserved 1163264K
  class space    used 15182K, capacity 16715K, committed 16896K, reserved 1048576K
GC Heap History (10 events):
Event: 1608.200 GC heap after
Heap after GC invocations=65 (full 10):
 PSYoungGen      total 208384K, used 32963K [0x00000000e0000000, 0x00000000ff200000, 0x0000000100000000)
  eden space 175104K, 0% used [0x00000000e0000000,0x00000000e0000000,0x00000000eab00000)
  from space 33280K, 99% used [0x00000000eab00000,0x00000000ecb30e38,0x00000000ecb80000)
  to   space 167424K, 0% used [0x00000000f4e80000,0x00000000f4e80000,0x00000000ff200000)
 ParOldGen       total 1029632K, used 978266K [0x00000000a0000000, 0x00000000ded80000, 0x00000000e0000000)
  object space 1029632K, 95% used [0x00000000a0000000,0x00000000dbb56a50,0x00000000ded80000)
 Metaspace       used 122198K, capacity 129088K, committed 129368K, reserved 1161216K
  class space    used 15130K, capacity 16653K, committed 16768K, reserved 1048576K
}
Event: 1608.200 GC heap before
{Heap before GC invocations=66 (full 11):
 PSYoungGen      total 208384K, used 32963K [0x00000000e0000000, 0x00000000ff200000, 0x0000000100000000)
  eden space 175104K, 0% used [0x00000000e0000000,0x00000000e0000000,0x00000000eab00000)
  from space 33280K, 99% used [0x00000000eab00000,0x00000000ecb30e38,0x00000000ecb80000)
  to   space 167424K, 0% used [0x00000000f4e80000,0x00000000f4e80000,0x00000000ff200000)
 ParOldGen       total 1029632K, used 978266K [0x00000000a0000000, 0x00000000ded80000, 0x00000000e0000000)
  object space 1029632K, 95% used [0x00000000a0000000,0x00000000dbb56a50,0x00000000ded80000)
 Metaspace       used 122198K, capacity 129088K, committed 129368K, reserved 1161216K
  class space    used 15130K, capacity 16653K, committed 16768K, reserved 1048576K
Event: 1609.968 GC heap after
Heap after GC invocations=66 (full 11):
 PSYoungGen      total 208384K, used 0K [0x00000000e0000000, 0x00000000ff200000, 0x0000000100000000)
  eden space 175104K, 0% used [0x00000000e0000000,0x00000000e0000000,0x00000000eab00000)
  from space 33280K, 0% used [0x00000000eab00000,0x00000000eab00000,0x00000000ecb80000)
  to   space 167424K, 0% used [0x00000000f4e80000,0x00000000f4e80000,0x00000000ff200000)
 ParOldGen       total 1048576K, used 979904K [0x00000000a0000000, 0x00000000e0000000, 0x00000000e0000000)
  object space 1048576K, 93% used [0x00000000a0000000,0x00000000dbcf01a8,0x00000000e0000000)
 Metaspace       used 122198K, capacity 129088K, committed 129368K, reserved 1161216K
  class space    used 15130K, capacity 16653K, committed 16768K, reserved 1048576K
}
Event: 1610.795 GC heap before
{Heap before GC invocations=67 (full 12):
 PSYoungGen      total 208384K, used 175104K [0x00000000e0000000, 0x00000000ff200000, 0x0000000100000000)
  eden space 175104K, 100% used [0x00000000e0000000,0x00000000eab00000,0x00000000eab00000)
  from space 33280K, 0% used [0x00000000eab00000,0x00000000eab00000,0x00000000ecb80000)
  to   space 167424K, 0% used [0x00000000f4e80000,0x00000000f4e80000,0x00000000ff200000)
 ParOldGen       total 1048576K, used 979904K [0x00000000a0000000, 0x00000000e0000000, 0x00000000e0000000)
  object space 1048576K, 93% used [0x00000000a0000000,0x00000000dbcf01a8,0x00000000e0000000)
 Metaspace       used 122444K, capacity 129280K, committed 129624K, reserved 1163264K
  class space    used 15157K, capacity 16653K, committed 16768K, reserved 1048576K
Event: 1611.714 GC heap after
Heap after GC invocations=67 (full 12):
 PSYoungGen      total 208384K, used 0K [0x00000000e0000000, 0x00000000ff200000, 0x0000000100000000)
  eden space 175104K, 0% used [0x00000000e0000000,0x00000000e0000000,0x00000000eab00000)
  from space 33280K, 0% used [0x00000000eab00000,0x00000000eab00000,0x00000000ecb80000)
  to   space 167424K, 0% used [0x00000000f4e80000,0x00000000f4e80000,0x00000000ff200000)
 ParOldGen       total 1048576K, used 978217K [0x00000000a0000000, 0x00000000e0000000, 0x00000000e0000000)
  object space 1048576K, 93% used [0x00000000a0000000,0x00000000dbb4a658,0x00000000e0000000)
 Metaspace       used 122444K, capacity 129280K, committed 129624K, reserved 1163264K
  class space    used 15157K, capacity 16653K, committed 16768K, reserved 1048576K
}
Event: 1612.237 GC heap before
{Heap before GC invocations=68 (full 13):
 PSYoungGen      total 208384K, used 175104K [0x00000000e0000000, 0x00000000ff200000, 0x0000000100000000)
  eden space 175104K, 100% used [0x00000000e0000000,0x00000000eab00000,0x00000000eab00000)
  from space 33280K, 0% used [0x00000000eab00000,0x00000000eab00000,0x00000000ecb80000)
  to   space 167424K, 0% used [0x00000000f4e80000,0x00000000f4e80000,0x00000000ff200000)
 ParOldGen       total 1048576K, used 978217K [0x00000000a0000000, 0x00000000e0000000, 0x00000000e0000000)
  object space 1048576K, 93% used [0x00000000a0000000,0x00000000dbb4a658,0x00000000e0000000)
 Metaspace       used 122483K, capacity 129376K, committed 129624K, reserved 1163264K
  class space    used 15159K, capacity 16685K, committed 16768K, reserved 1048576K
Event: 1613.218 GC heap after
Heap after GC invocations=68 (full 13):
 PSYoungGen      total 208384K, used 0K [0x00000000e0000000, 0x00000000ff200000, 0x0000000100000000)
  eden space 175104K, 0% used [0x00000000e0000000,0x00000000e0000000,0x00000000eab00000)
  from space 33280K, 0% used [0x00000000eab00000,0x00000000eab00000,0x00000000ecb80000)
  to   space 167424K, 0% used [0x00000000f4e80000,0x00000000f4e80000,0x00000000ff200000)
 ParOldGen       total 1048576K, used 1009071K [0x00000000a0000000, 0x00000000e0000000, 0x00000000e0000000)
  object space 1048576K, 96% used [0x00000000a0000000,0x00000000dd96be30,0x00000000e0000000)
 Metaspace       used 122483K, capacity 129376K, committed 129624K, reserved 1163264K
  class space    used 15159K, capacity 16685K, committed 16768K, reserved 1048576K
}
Event: 1615.238 GC heap before
{Heap before GC invocations=69 (full 14):
 PSYoungGen      total 208384K, used 175104K [0x00000000e0000000, 0x00000000ff200000, 0x0000000100000000)
  eden space 175104K, 100% used [0x00000000e0000000,0x00000000eab00000,0x00000000eab00000)
  from space 33280K, 0% used [0x00000000eab00000,0x00000000eab00000,0x00000000ecb80000)
  to   space 167424K, 0% used [0x00000000f4e80000,0x00000000f4e80000,0x00000000ff200000)
 ParOldGen       total 1048576K, used 1009071K [0x00000000a0000000, 0x00000000e0000000, 0x00000000e0000000)
  object space 1048576K, 96% used [0x00000000a0000000,0x00000000dd96be30,0x00000000e0000000)
 Metaspace       used 122606K, capacity 129528K, committed 129880K, reserved 1163264K
  class space    used 15168K, capacity 16689K, committed 16768K, reserved 1048576K
Event: 1616.248 GC heap after
Heap after GC invocations=69 (full 14):
 PSYoungGen      total 208384K, used 0K [0x00000000e0000000, 0x00000000ff200000, 0x0000000100000000)
  eden space 175104K, 0% used [0x00000000e0000000,0x00000000e0000000,0x00000000eab00000)
  from space 33280K, 0% used [0x00000000eab00000,0x00000000eab00000,0x00000000ecb80000)
  to   space 167424K, 0% used [0x00000000f4e80000,0x00000000f4e80000,0x00000000ff200000)
 ParOldGen       total 1048576K, used 1023504K [0x00000000a0000000, 0x00000000e0000000, 0x00000000e0000000)
  object space 1048576K, 97% used [0x00000000a0000000,0x00000000de784118,0x00000000e0000000)
 Metaspace       used 122606K, capacity 129528K, committed 129880K, reserved 1163264K
  class space    used 15168K, capacity 16689K, committed 16768K, reserved 1048576K
}
Event: 1968.867 GC heap before
{Heap before GC invocations=70 (full 15):
 PSYoungGen      total 208384K, used 175104K [0x00000000e0000000, 0x00000000ff200000, 0x0000000100000000)
  eden space 175104K, 100% used [0x00000000e0000000,0x00000000eab00000,0x00000000eab00000)
  from space 33280K, 0% used [0x00000000eab00000,0x00000000eab00000,0x00000000ecb80000)
  to   space 167424K, 0% used [0x00000000f4e80000,0x00000000f4e80000,0x00000000ff200000)
 ParOldGen       total 1048576K, used 1023504K [0x00000000a0000000, 0x00000000e0000000, 0x00000000e0000000)
  object space 1048576K, 97% used [0x00000000a0000000,0x00000000de784118,0x00000000e0000000)
 Metaspace       used 122731K, capacity 129812K, committed 130008K, reserved 1163264K
  class space    used 15182K, capacity 16715K, committed 16896K, reserved 1048576K

