# JRE version: OpenJDK Runtime Environment (8.0_112-b06) (build 1.8.0_112-release-b06)
# Java VM: OpenJDK 64-Bit Server VM (25.112-b06 mixed mode windows-amd64 compressed oops)
Heap:
 PSYoungGen      total 320512K, used 320510K [0x00000000e0000000, 0x0000000100000000, 0x0000000100000000)
  eden space 182272K, 100% used [0x00000000e0000000,0x00000000eb200000,0x00000000eb200000)
  from space 138240K, 99% used [0x00000000f7900000,0x00000000fffff940,0x0000000100000000)
  to   space 171008K, 81% used [0x00000000eb200000,0x00000000f3a31240,0x00000000f5900000)
 ParOldGen       total 613376K, used 425790K [0x00000000a0000000, 0x00000000c5700000, 0x00000000e0000000)
  object space 613376K, 69% used [0x00000000a0000000,0x00000000b9fcfb78,0x00000000c5700000)
 Metaspace       used 102482K, capacity 107542K, committed 107864K, reserved 1142784K
  class space    used 12571K, capacity 13629K, committed 13696K, reserved 1048576K
GC Heap History (10 events):
Event: 271.135 GC heap after
Heap after GC invocations=68 (full 8):
 PSYoungGen      total 384512K, used 11313K [0x00000000e0000000, 0x00000000fea00000, 0x0000000100000000)
  eden space 285696K, 0% used [0x00000000e0000000,0x00000000e0000000,0x00000000f1700000)
  from space 98816K, 11% used [0x00000000f8980000,0x00000000f948c438,0x00000000fea00000)
  to   space 108032K, 0% used [0x00000000f1700000,0x00000000f1700000,0x00000000f8080000)
 ParOldGen       total 613376K, used 414478K [0x00000000a0000000, 0x00000000c5700000, 0x00000000e0000000)
  object space 613376K, 67% used [0x00000000a0000000,0x00000000b94c3938,0x00000000c5700000)
 Metaspace       used 94622K, capacity 99072K, committed 99416K, reserved 1136640K
  class space    used 11634K, capacity 12562K, committed 12672K, reserved 1048576K
}
Event: 537.304 GC heap before
{Heap before GC invocations=69 (full 8):
 PSYoungGen      total 384512K, used 296998K [0x00000000e0000000, 0x00000000fea00000, 0x0000000100000000)
  eden space 285696K, 99% used [0x00000000e0000000,0x00000000f16fd638,0x00000000f1700000)
  from space 98816K, 11% used [0x00000000f8980000,0x00000000f948c438,0x00000000fea00000)
  to   space 108032K, 0% used [0x00000000f1700000,0x00000000f1700000,0x00000000f8080000)
 ParOldGen       total 613376K, used 414478K [0x00000000a0000000, 0x00000000c5700000, 0x00000000e0000000)
  object space 613376K, 67% used [0x00000000a0000000,0x00000000b94c3938,0x00000000c5700000)
 Metaspace       used 97126K, capacity 102006K, committed 102360K, reserved 1138688K
  class space    used 11927K, capacity 12937K, committed 13056K, reserved 1048576K
Event: 537.662 GC heap after
Heap after GC invocations=69 (full 8):
 PSYoungGen      total 393728K, used 14231K [0x00000000e0000000, 0x00000000fea80000, 0x0000000100000000)
  eden space 285696K, 0% used [0x00000000e0000000,0x00000000e0000000,0x00000000f1700000)
  from space 108032K, 13% used [0x00000000f1700000,0x00000000f24e5d70,0x00000000f8080000)
  to   space 101376K, 0% used [0x00000000f8780000,0x00000000f8780000,0x00000000fea80000)
 ParOldGen       total 613376K, used 414486K [0x00000000a0000000, 0x00000000c5700000, 0x00000000e0000000)
  object space 613376K, 67% used [0x00000000a0000000,0x00000000b94c5938,0x00000000c5700000)
 Metaspace       used 97126K, capacity 102006K, committed 102360K, reserved 1138688K
  class space    used 11927K, capacity 12937K, committed 13056K, reserved 1048576K
}
Event: 540.954 GC heap before
{Heap before GC invocations=70 (full 8):
 PSYoungGen      total 393728K, used 299927K [0x00000000e0000000, 0x00000000fea80000, 0x0000000100000000)
  eden space 285696K, 100% used [0x00000000e0000000,0x00000000f1700000,0x00000000f1700000)
  from space 108032K, 13% used [0x00000000f1700000,0x00000000f24e5d70,0x00000000f8080000)
  to   space 101376K, 0% used [0x00000000f8780000,0x00000000f8780000,0x00000000fea80000)
 ParOldGen       total 613376K, used 414486K [0x00000000a0000000, 0x00000000c5700000, 0x00000000e0000000)
  object space 613376K, 67% used [0x00000000a0000000,0x00000000b94c5938,0x00000000c5700000)
 Metaspace       used 101873K, capacity 106892K, committed 106968K, reserved 1142784K
  class space    used 12511K, capacity 13550K, committed 13568K, reserved 1048576K
Event: 541.729 GC heap after
Heap after GC invocations=70 (full 8):
 PSYoungGen      total 380416K, used 99660K [0x00000000e0000000, 0x0000000100000000, 0x0000000100000000)
  eden space 279040K, 0% used [0x00000000e0000000,0x00000000e0000000,0x00000000f1080000)
  from space 101376K, 98% used [0x00000000f8780000,0x00000000fe8d30e0,0x00000000fea80000)
  to   space 121856K, 0% used [0x00000000f1080000,0x00000000f1080000,0x00000000f8780000)
 ParOldGen       total 613376K, used 414494K [0x00000000a0000000, 0x00000000c5700000, 0x00000000e0000000)
  object space 613376K, 67% used [0x00000000a0000000,0x00000000b94c7938,0x00000000c5700000)
 Metaspace       used 101873K, capacity 106892K, committed 106968K, reserved 1142784K
  class space    used 12511K, capacity 13550K, committed 13568K, reserved 1048576K
}
Event: 543.224 GC heap before
{Heap before GC invocations=71 (full 8):
 PSYoungGen      total 380416K, used 378700K [0x00000000e0000000, 0x0000000100000000, 0x0000000100000000)
  eden space 279040K, 100% used [0x00000000e0000000,0x00000000f1080000,0x00000000f1080000)
  from space 101376K, 98% used [0x00000000f8780000,0x00000000fe8d30e0,0x00000000fea80000)
  to   space 121856K, 0% used [0x00000000f1080000,0x00000000f1080000,0x00000000f8780000)
 ParOldGen       total 613376K, used 414494K [0x00000000a0000000, 0x00000000c5700000, 0x00000000e0000000)
  object space 613376K, 67% used [0x00000000a0000000,0x00000000b94c7938,0x00000000c5700000)
 Metaspace       used 102207K, capacity 107244K, committed 107608K, reserved 1142784K
  class space    used 12545K, capacity 13582K, committed 13696K, reserved 1048576K
Event: 543.637 GC heap after
Heap after GC invocations=71 (full 8):
 PSYoungGen      total 386048K, used 106886K [0x00000000e0000000, 0x0000000100000000, 0x0000000100000000)
  eden space 279040K, 0% used [0x00000000e0000000,0x00000000e0000000,0x00000000f1080000)
  from space 107008K, 99% used [0x00000000f1080000,0x00000000f78e1a68,0x00000000f7900000)
  to   space 138240K, 0% used [0x00000000f7900000,0x00000000f7900000,0x0000000100000000)
 ParOldGen       total 613376K, used 414526K [0x00000000a0000000, 0x00000000c5700000, 0x00000000e0000000)
  object space 613376K, 67% used [0x00000000a0000000,0x00000000b94cf938,0x00000000c5700000)
 Metaspace       used 102207K, capacity 107244K, committed 107608K, reserved 1142784K
  class space    used 12545K, capacity 13582K, committed 13696K, reserved 1048576K
}
Event: 547.665 GC heap before
{Heap before GC invocations=72 (full 8):
 PSYoungGen      total 386048K, used 385926K [0x00000000e0000000, 0x0000000100000000, 0x0000000100000000)
  eden space 279040K, 100% used [0x00000000e0000000,0x00000000f1080000,0x00000000f1080000)
  from space 107008K, 99% used [0x00000000f1080000,0x00000000f78e1a68,0x00000000f7900000)
  to   space 138240K, 0% used [0x00000000f7900000,0x00000000f7900000,0x0000000100000000)
 ParOldGen       total 613376K, used 414526K [0x00000000a0000000, 0x00000000c5700000, 0x00000000e0000000)
  object space 613376K, 67% used [0x00000000a0000000,0x00000000b94cf938,0x00000000c5700000)
 Metaspace       used 102371K, capacity 107404K, committed 107608K, reserved 1142784K
  class space    used 12554K, capacity 13614K, committed 13696K, reserved 1048576K
Event: 547.883 GC heap after
Heap after GC invocations=72 (full 8):
 PSYoungGen      total 320512K, used 138238K [0x00000000e0000000, 0x0000000100000000, 0x0000000100000000)
  eden space 182272K, 0% used [0x00000000e0000000,0x00000000e0000000,0x00000000eb200000)
  from space 138240K, 99% used [0x00000000f7900000,0x00000000fffff940,0x0000000100000000)
  to   space 171008K, 0% used [0x00000000eb200000,0x00000000eb200000,0x00000000f5900000)
 ParOldGen       total 613376K, used 425147K [0x00000000a0000000, 0x00000000c5700000, 0x00000000e0000000)
  object space 613376K, 69% used [0x00000000a0000000,0x00000000b9f2efa8,0x00000000c5700000)
 Metaspace       used 102371K, capacity 107404K, committed 107608K, reserved 1142784K
  class space    used 12554K, capacity 13614K, committed 13696K, reserved 1048576K
}
Event: 566.430 GC heap before
{Heap before GC invocations=73 (full 8):
 PSYoungGen      total 320512K, used 320510K [0x00000000e0000000, 0x0000000100000000, 0x0000000100000000)
  eden space 182272K, 100% used [0x00000000e0000000,0x00000000eb200000,0x00000000eb200000)
  from space 138240K, 99% used [0x00000000f7900000,0x00000000fffff940,0x0000000100000000)
  to   space 171008K, 0% used [0x00000000eb200000,0x00000000eb200000,0x00000000f5900000)
 ParOldGen       total 613376K, used 425147K [0x00000000a0000000, 0x00000000c5700000, 0x00000000e0000000)
  object space 613376K, 69% used [0x00000000a0000000,0x00000000b9f2efa8,0x00000000c5700000)
 Metaspace       used 102482K, capacity 107542K, committed 107864K, reserved 1142784K
  class space    used 12571K, capacity 13629K, committed 13696K, reserved 1048576K

