# JRE version: OpenJDK Runtime Environment (8.0_112-b06) (build 1.8.0_112-release-b06)
# Java VM: OpenJDK 64-Bit Server VM (25.112-b06 mixed mode windows-amd64 compressed oops)
Heap:
 PSYoungGen      total 308224K, used 199295K [0x00000000e0000000, 0x0000000100000000, 0x0000000100000000)
  eden space 300032K, 63% used [0x00000000e0000000,0x00000000ebaabcf0,0x00000000f2500000)
  from space 8192K, 99% used [0x00000000f2500000,0x00000000f2cf4030,0x00000000f2d00000)
  to   space 112640K, 0% used [0x00000000f9200000,0x00000000f9200000,0x0000000100000000)
 ParOldGen       total 391168K, used 265300K [0x00000000a0000000, 0x00000000b7e00000, 0x00000000e0000000)
  object space 391168K, 67% used [0x00000000a0000000,0x00000000b03150f8,0x00000000b7e00000)
 Metaspace       used 119312K, capacity 129612K, committed 129940K, reserved 1161216K
  class space    used 14901K, capacity 17126K, committed 17340K, reserved 1048576K
GC Heap History (10 events):
Event: 1280.888 GC heap before
{Heap before GC invocations=51 (full 5):
 PSYoungGen      total 442368K, used 441882K [0x00000000e0000000, 0x0000000100000000, 0x0000000100000000)
  eden space 361472K, 99% used [0x00000000e0000000,0x00000000f608a5b8,0x00000000f6100000)
  from space 80896K, 99% used [0x00000000f6100000,0x00000000faffc560,0x00000000fb000000)
  to   space 81920K, 0% used [0x00000000fb000000,0x00000000fb000000,0x0000000100000000)
 ParOldGen       total 301568K, used 226690K [0x00000000a0000000, 0x00000000b2680000, 0x00000000e0000000)
  object space 301568K, 75% used [0x00000000a0000000,0x00000000add60b20,0x00000000b2680000)
 Metaspace       used 118254K, capacity 127666K, committed 127764K, reserved 1161216K
  class space    used 14775K, capacity 16877K, committed 16956K, reserved 1048576K
Event: 1282.188 GC heap after
Heap after GC invocations=51 (full 5):
 PSYoungGen      total 396288K, used 81136K [0x00000000e0000000, 0x0000000100000000, 0x0000000100000000)
  eden space 314368K, 0% used [0x00000000e0000000,0x00000000e0000000,0x00000000f3300000)
  from space 81920K, 99% used [0x00000000fb000000,0x00000000fff3c180,0x0000000100000000)
  to   space 104960K, 0% used [0x00000000f3300000,0x00000000f3300000,0x00000000f9980000)
 ParOldGen       total 301568K, used 237389K [0x00000000a0000000, 0x00000000b2680000, 0x00000000e0000000)
  object space 301568K, 78% used [0x00000000a0000000,0x00000000ae7d35a0,0x00000000b2680000)
 Metaspace       used 118254K, capacity 127666K, committed 127764K, reserved 1161216K
  class space    used 14775K, capacity 16877K, committed 16956K, reserved 1048576K
}
Event: 1335.654 GC heap before
{Heap before GC invocations=52 (full 5):
 PSYoungGen      total 396288K, used 395504K [0x00000000e0000000, 0x0000000100000000, 0x0000000100000000)
  eden space 314368K, 100% used [0x00000000e0000000,0x00000000f3300000,0x00000000f3300000)
  from space 81920K, 99% used [0x00000000fb000000,0x00000000fff3c180,0x0000000100000000)
  to   space 104960K, 0% used [0x00000000f3300000,0x00000000f3300000,0x00000000f9980000)
 ParOldGen       total 301568K, used 237389K [0x00000000a0000000, 0x00000000b2680000, 0x00000000e0000000)
  object space 301568K, 78% used [0x00000000a0000000,0x00000000ae7d35a0,0x00000000b2680000)
 Metaspace       used 118579K, capacity 128050K, committed 128276K, reserved 1161216K
  class space    used 14808K, capacity 16942K, committed 16956K, reserved 1048576K
Event: 1335.843 GC heap after
Heap after GC invocations=52 (full 5):
 PSYoungGen      total 389120K, used 74291K [0x00000000e0000000, 0x0000000100000000, 0x0000000100000000)
  eden space 314368K, 0% used [0x00000000e0000000,0x00000000e0000000,0x00000000f3300000)
  from space 74752K, 99% used [0x00000000f3300000,0x00000000f7b8cc70,0x00000000f7c00000)
  to   space 110080K, 0% used [0x00000000f9480000,0x00000000f9480000,0x0000000100000000)
 ParOldGen       total 301568K, used 237397K [0x00000000a0000000, 0x00000000b2680000, 0x00000000e0000000)
  object space 301568K, 78% used [0x00000000a0000000,0x00000000ae7d55a0,0x00000000b2680000)
 Metaspace       used 118579K, capacity 128050K, committed 128276K, reserved 1161216K
  class space    used 14808K, capacity 16942K, committed 16956K, reserved 1048576K
}
Event: 1338.782 GC heap before
{Heap before GC invocations=53 (full 5):
 PSYoungGen      total 389120K, used 134812K [0x00000000e0000000, 0x0000000100000000, 0x0000000100000000)
  eden space 314368K, 19% used [0x00000000e0000000,0x00000000e3b1a658,0x00000000f3300000)
  from space 74752K, 99% used [0x00000000f3300000,0x00000000f7b8cc70,0x00000000f7c00000)
  to   space 110080K, 0% used [0x00000000f9480000,0x00000000f9480000,0x0000000100000000)
 ParOldGen       total 301568K, used 237397K [0x00000000a0000000, 0x00000000b2680000, 0x00000000e0000000)
  object space 301568K, 78% used [0x00000000a0000000,0x00000000ae7d55a0,0x00000000b2680000)
 Metaspace       used 118680K, capacity 128314K, committed 128404K, reserved 1161216K
  class space    used 14832K, capacity 17006K, committed 17084K, reserved 1048576K
Event: 1338.854 GC heap after
Heap after GC invocations=53 (full 5):
 PSYoungGen      total 410112K, used 69010K [0x00000000e0000000, 0x0000000100000000, 0x0000000100000000)
  eden space 300032K, 0% used [0x00000000e0000000,0x00000000e0000000,0x00000000f2500000)
  from space 110080K, 62% used [0x00000000f9480000,0x00000000fd7e4880,0x0000000100000000)
  to   space 112128K, 0% used [0x00000000f2500000,0x00000000f2500000,0x00000000f9280000)
 ParOldGen       total 301568K, used 237405K [0x00000000a0000000, 0x00000000b2680000, 0x00000000e0000000)
  object space 301568K, 78% used [0x00000000a0000000,0x00000000ae7d75a0,0x00000000b2680000)
 Metaspace       used 118680K, capacity 128314K, committed 128404K, reserved 1161216K
  class space    used 14832K, capacity 17006K, committed 17084K, reserved 1048576K
}
Event: 1338.854 GC heap before
{Heap before GC invocations=54 (full 6):
 PSYoungGen      total 410112K, used 69010K [0x00000000e0000000, 0x0000000100000000, 0x0000000100000000)
  eden space 300032K, 0% used [0x00000000e0000000,0x00000000e0000000,0x00000000f2500000)
  from space 110080K, 62% used [0x00000000f9480000,0x00000000fd7e4880,0x0000000100000000)
  to   space 112128K, 0% used [0x00000000f2500000,0x00000000f2500000,0x00000000f9280000)
 ParOldGen       total 301568K, used 237405K [0x00000000a0000000, 0x00000000b2680000, 0x00000000e0000000)
  object space 301568K, 78% used [0x00000000a0000000,0x00000000ae7d75a0,0x00000000b2680000)
 Metaspace       used 118680K, capacity 128314K, committed 128404K, reserved 1161216K
  class space    used 14832K, capacity 17006K, committed 17084K, reserved 1048576K
Event: 1342.241 GC heap after
Heap after GC invocations=54 (full 6):
 PSYoungGen      total 410112K, used 0K [0x00000000e0000000, 0x0000000100000000, 0x0000000100000000)
  eden space 300032K, 0% used [0x00000000e0000000,0x00000000e0000000,0x00000000f2500000)
  from space 110080K, 0% used [0x00000000f9480000,0x00000000f9480000,0x0000000100000000)
  to   space 112128K, 0% used [0x00000000f2500000,0x00000000f2500000,0x00000000f9280000)
 ParOldGen       total 391168K, used 265292K [0x00000000a0000000, 0x00000000b7e00000, 0x00000000e0000000)
  object space 391168K, 67% used [0x00000000a0000000,0x00000000b03130f8,0x00000000b7e00000)
 Metaspace       used 118361K, capacity 127572K, committed 128404K, reserved 1161216K
  class space    used 14742K, capacity 16799K, committed 17084K, reserved 1048576K
}
Event: 1634.394 GC heap before
{Heap before GC invocations=55 (full 6):
 PSYoungGen      total 410112K, used 300032K [0x00000000e0000000, 0x0000000100000000, 0x0000000100000000)
  eden space 300032K, 100% used [0x00000000e0000000,0x00000000f2500000,0x00000000f2500000)
  from space 110080K, 0% used [0x00000000f9480000,0x00000000f9480000,0x0000000100000000)
  to   space 112128K, 0% used [0x00000000f2500000,0x00000000f2500000,0x00000000f9280000)
 ParOldGen       total 391168K, used 265292K [0x00000000a0000000, 0x00000000b7e00000, 0x00000000e0000000)
  object space 391168K, 67% used [0x00000000a0000000,0x00000000b03130f8,0x00000000b7e00000)
 Metaspace       used 119083K, capacity 129112K, committed 129556K, reserved 1161216K
  class space    used 14873K, capacity 17056K, committed 17212K, reserved 1048576K
Event: 1635.934 GC heap after
Heap after GC invocations=55 (full 6):
 PSYoungGen      total 308224K, used 8144K [0x00000000e0000000, 0x0000000100000000, 0x0000000100000000)
  eden space 300032K, 0% used [0x00000000e0000000,0x00000000e0000000,0x00000000f2500000)
  from space 8192K, 99% used [0x00000000f2500000,0x00000000f2cf4030,0x00000000f2d00000)
  to   space 112640K, 0% used [0x00000000f9200000,0x00000000f9200000,0x0000000100000000)
 ParOldGen       total 391168K, used 265300K [0x00000000a0000000, 0x00000000b7e00000, 0x00000000e0000000)
  object space 391168K, 67% used [0x00000000a0000000,0x00000000b03150f8,0x00000000b7e00000)
 Metaspace       used 119083K, capacity 129112K, committed 129556K, reserved 1161216K
  class space    used 14873K, capacity 17056K, committed 17212K, reserved 1048576K
}

