# JRE version: OpenJDK Runtime Environment (8.0_112-b06) (build 1.8.0_112-release-b06)
# Java VM: OpenJDK 64-Bit Server VM (25.112-b06 mixed mode windows-amd64 compressed oops)
Heap:
 PSYoungGen      total 356864K, used 313568K [0x00000000e0000000, 0x00000000fef80000, 0x0000000100000000)
  eden space 208384K, 100% used [0x00000000e0000000,0x00000000ecb80000,0x00000000ecb80000)
  from space 148480K, 70% used [0x00000000ecb80000,0x00000000f3238068,0x00000000f5c80000)
  to   space 145920K, 67% used [0x00000000f6100000,0x00000000fc099930,0x00000000fef80000)
 ParOldGen       total 932864K, used 714833K [0x00000000a0000000, 0x00000000d8f00000, 0x00000000e0000000)
  object space 932864K, 76% used [0x00000000a0000000,0x00000000cba14738,0x00000000d8f00000)
 Metaspace       used 122711K, capacity 133704K, committed 142552K, reserved 1173504K
  class space    used 15096K, capacity 17621K, committed 19200K, reserved 1048576K
GC Heap History (10 events):
Event: 5478.176 GC heap after
Heap after GC invocations=181 (full 16):
 PSYoungGen      total 354816K, used 107513K [0x00000000e0000000, 0x00000000ffb00000, 0x0000000100000000)
  eden space 195072K, 0% used [0x00000000e0000000,0x00000000e0000000,0x00000000ebe80000)
  from space 159744K, 67% used [0x00000000ebe80000,0x00000000f277e428,0x00000000f5a80000)
  to   space 157696K, 0% used [0x00000000f6100000,0x00000000f6100000,0x00000000ffb00000)
 ParOldGen       total 932864K, used 707470K [0x00000000a0000000, 0x00000000d8f00000, 0x00000000e0000000)
  object space 932864K, 75% used [0x00000000a0000000,0x00000000cb2e3a70,0x00000000d8f00000)
 Metaspace       used 122217K, capacity 132732K, committed 142552K, reserved 1173504K
  class space    used 15013K, capacity 17413K, committed 19200K, reserved 1048576K
}
Event: 5592.584 GC heap before
{Heap before GC invocations=182 (full 16):
 PSYoungGen      total 354816K, used 302585K [0x00000000e0000000, 0x00000000ffb00000, 0x0000000100000000)
  eden space 195072K, 100% used [0x00000000e0000000,0x00000000ebe80000,0x00000000ebe80000)
  from space 159744K, 67% used [0x00000000ebe80000,0x00000000f277e428,0x00000000f5a80000)
  to   space 157696K, 0% used [0x00000000f6100000,0x00000000f6100000,0x00000000ffb00000)
 ParOldGen       total 932864K, used 707470K [0x00000000a0000000, 0x00000000d8f00000, 0x00000000e0000000)
  object space 932864K, 75% used [0x00000000a0000000,0x00000000cb2e3a70,0x00000000d8f00000)
 Metaspace       used 122319K, capacity 132932K, committed 142552K, reserved 1173504K
  class space    used 15025K, capacity 17453K, committed 19200K, reserved 1048576K
Event: 5592.804 GC heap after
Heap after GC invocations=182 (full 16):
 PSYoungGen      total 350208K, used 104405K [0x00000000e0000000, 0x00000000ff200000, 0x0000000100000000)
  eden space 201728K, 0% used [0x00000000e0000000,0x00000000e0000000,0x00000000ec500000)
  from space 148480K, 70% used [0x00000000f6100000,0x00000000fc6f5748,0x00000000ff200000)
  to   space 154112K, 0% used [0x00000000ec500000,0x00000000ec500000,0x00000000f5b80000)
 ParOldGen       total 932864K, used 709986K [0x00000000a0000000, 0x00000000d8f00000, 0x00000000e0000000)
  object space 932864K, 76% used [0x00000000a0000000,0x00000000cb558ad8,0x00000000d8f00000)
 Metaspace       used 122319K, capacity 132932K, committed 142552K, reserved 1173504K
  class space    used 15025K, capacity 17453K, committed 19200K, reserved 1048576K
}
Event: 5595.812 GC heap before
{Heap before GC invocations=183 (full 16):
 PSYoungGen      total 350208K, used 305317K [0x00000000e0000000, 0x00000000ff200000, 0x0000000100000000)
  eden space 201728K, 99% used [0x00000000e0000000,0x00000000ec433d08,0x00000000ec500000)
  from space 148480K, 70% used [0x00000000f6100000,0x00000000fc6f5748,0x00000000ff200000)
  to   space 154112K, 0% used [0x00000000ec500000,0x00000000ec500000,0x00000000f5b80000)
 ParOldGen       total 932864K, used 709986K [0x00000000a0000000, 0x00000000d8f00000, 0x00000000e0000000)
  object space 932864K, 76% used [0x00000000a0000000,0x00000000cb558ad8,0x00000000d8f00000)
 Metaspace       used 122328K, capacity 132932K, committed 142552K, reserved 1173504K
  class space    used 15025K, capacity 17453K, committed 19200K, reserved 1048576K
Event: 5595.951 GC heap after
Heap after GC invocations=183 (full 16):
 PSYoungGen      total 355840K, used 107747K [0x00000000e0000000, 0x00000000ff580000, 0x0000000100000000)
  eden space 201728K, 0% used [0x00000000e0000000,0x00000000e0000000,0x00000000ec500000)
  from space 154112K, 69% used [0x00000000ec500000,0x00000000f2e38cf0,0x00000000f5b80000)
  to   space 152064K, 0% used [0x00000000f6100000,0x00000000f6100000,0x00000000ff580000)
 ParOldGen       total 932864K, used 710034K [0x00000000a0000000, 0x00000000d8f00000, 0x00000000e0000000)
  object space 932864K, 76% used [0x00000000a0000000,0x00000000cb564ad8,0x00000000d8f00000)
 Metaspace       used 122328K, capacity 132932K, committed 142552K, reserved 1173504K
  class space    used 15025K, capacity 17453K, committed 19200K, reserved 1048576K
}
Event: 5632.058 GC heap before
{Heap before GC invocations=184 (full 16):
 PSYoungGen      total 355840K, used 309475K [0x00000000e0000000, 0x00000000ff580000, 0x0000000100000000)
  eden space 201728K, 100% used [0x00000000e0000000,0x00000000ec500000,0x00000000ec500000)
  from space 154112K, 69% used [0x00000000ec500000,0x00000000f2e38cf0,0x00000000f5b80000)
  to   space 152064K, 0% used [0x00000000f6100000,0x00000000f6100000,0x00000000ff580000)
 ParOldGen       total 932864K, used 710034K [0x00000000a0000000, 0x00000000d8f00000, 0x00000000e0000000)
  object space 932864K, 76% used [0x00000000a0000000,0x00000000cb564ad8,0x00000000d8f00000)
 Metaspace       used 122635K, capacity 133566K, committed 142552K, reserved 1173504K
  class space    used 15083K, capacity 17578K, committed 19200K, reserved 1048576K
Event: 5632.160 GC heap after
Heap after GC invocations=184 (full 16):
 PSYoungGen      total 352256K, used 104138K [0x00000000e0000000, 0x00000000fed80000, 0x0000000100000000)
  eden space 208384K, 0% used [0x00000000e0000000,0x00000000e0000000,0x00000000ecb80000)
  from space 143872K, 72% used [0x00000000f6100000,0x00000000fc6b2a08,0x00000000fed80000)
  to   space 148480K, 0% used [0x00000000ecb80000,0x00000000ecb80000,0x00000000f5c80000)
 ParOldGen       total 932864K, used 710306K [0x00000000a0000000, 0x00000000d8f00000, 0x00000000e0000000)
  object space 932864K, 76% used [0x00000000a0000000,0x00000000cb5a8b08,0x00000000d8f00000)
 Metaspace       used 122635K, capacity 133566K, committed 142552K, reserved 1173504K
  class space    used 15083K, capacity 17578K, committed 19200K, reserved 1048576K
}
Event: 5635.110 GC heap before
{Heap before GC invocations=185 (full 16):
 PSYoungGen      total 352256K, used 312522K [0x00000000e0000000, 0x00000000fed80000, 0x0000000100000000)
  eden space 208384K, 100% used [0x00000000e0000000,0x00000000ecb80000,0x00000000ecb80000)
  from space 143872K, 72% used [0x00000000f6100000,0x00000000fc6b2a08,0x00000000fed80000)
  to   space 148480K, 0% used [0x00000000ecb80000,0x00000000ecb80000,0x00000000f5c80000)
 ParOldGen       total 932864K, used 710306K [0x00000000a0000000, 0x00000000d8f00000, 0x00000000e0000000)
  object space 932864K, 76% used [0x00000000a0000000,0x00000000cb5a8b08,0x00000000d8f00000)
 Metaspace       used 122643K, capacity 133566K, committed 142552K, reserved 1173504K
  class space    used 15083K, capacity 17578K, committed 19200K, reserved 1048576K
Event: 5635.215 GC heap after
Heap after GC invocations=185 (full 16):
 PSYoungGen      total 356864K, used 105184K [0x00000000e0000000, 0x00000000fef80000, 0x0000000100000000)
  eden space 208384K, 0% used [0x00000000e0000000,0x00000000e0000000,0x00000000ecb80000)
  from space 148480K, 70% used [0x00000000ecb80000,0x00000000f3238068,0x00000000f5c80000)
  to   space 145920K, 0% used [0x00000000f6100000,0x00000000f6100000,0x00000000fef80000)
 ParOldGen       total 932864K, used 710338K [0x00000000a0000000, 0x00000000d8f00000, 0x00000000e0000000)
  object space 932864K, 76% used [0x00000000a0000000,0x00000000cb5b0b08,0x00000000d8f00000)
 Metaspace       used 122643K, capacity 133566K, committed 142552K, reserved 1173504K
  class space    used 15083K, capacity 17578K, committed 19200K, reserved 1048576K
}
Event: 5804.918 GC heap before
{Heap before GC invocations=186 (full 16):
 PSYoungGen      total 356864K, used 313568K [0x00000000e0000000, 0x00000000fef80000, 0x0000000100000000)
  eden space 208384K, 100% used [0x00000000e0000000,0x00000000ecb80000,0x00000000ecb80000)
  from space 148480K, 70% used [0x00000000ecb80000,0x00000000f3238068,0x00000000f5c80000)
  to   space 145920K, 0% used [0x00000000f6100000,0x00000000f6100000,0x00000000fef80000)
 ParOldGen       total 932864K, used 710338K [0x00000000a0000000, 0x00000000d8f00000, 0x00000000e0000000)
  object space 932864K, 76% used [0x00000000a0000000,0x00000000cb5b0b08,0x00000000d8f00000)
 Metaspace       used 122711K, capacity 133704K, committed 142552K, reserved 1173504K
  class space    used 15096K, capacity 17621K, committed 19200K, reserved 1048576K

