# JRE version: OpenJDK Runtime Environment (8.0_112-b06) (build 1.8.0_112-release-b06)
# Java VM: OpenJDK 64-Bit Server VM (25.112-b06 mixed mode windows-amd64 compressed oops)
Heap:
 PSYoungGen      total 363008K, used 349612K [0x00000000e0000000, 0x0000000100000000, 0x0000000100000000)
  eden space 236544K, 100% used [0x00000000e0000000,0x00000000ee700000,0x00000000ee700000)
  from space 126464K, 89% used [0x00000000f8480000,0x00000000ff2eb130,0x0000000100000000)
  to   space 143872K, 26% used [0x00000000ee700000,0x00000000f0c10b68,0x00000000f7380000)
 ParOldGen       total 484352K, used 330708K [0x00000000a0000000, 0x00000000bd900000, 0x00000000e0000000)
  object space 484352K, 68% used [0x00000000a0000000,0x00000000b42f5100,0x00000000bd900000)
 Metaspace       used 103585K, capacity 109076K, committed 109312K, reserved 1144832K
  class space    used 13009K, capacity 14228K, committed 14336K, reserved 1048576K
GC Heap History (10 events):
Event: 1087.109 GC heap after
Heap after GC invocations=34 (full 6):
 PSYoungGen      total 395776K, used 21231K [0x00000000e0000000, 0x0000000100000000, 0x0000000100000000)
  eden space 275456K, 0% used [0x00000000e0000000,0x00000000e0000000,0x00000000f0d00000)
  from space 120320K, 17% used [0x00000000f7f00000,0x00000000f93bbce8,0x00000000ff480000)
  to   space 116736K, 0% used [0x00000000f0d00000,0x00000000f0d00000,0x00000000f7f00000)
 ParOldGen       total 484352K, used 326489K [0x00000000a0000000, 0x00000000bd900000, 0x00000000e0000000)
  object space 484352K, 67% used [0x00000000a0000000,0x00000000b3ed6698,0x00000000bd900000)
 Metaspace       used 93113K, capacity 97906K, committed 98048K, reserved 1134592K
  class space    used 11729K, capacity 12785K, committed 12800K, reserved 1048576K
}
Event: 1089.344 GC heap before
{Heap before GC invocations=35 (full 6):
 PSYoungGen      total 395776K, used 296679K [0x00000000e0000000, 0x0000000100000000, 0x0000000100000000)
  eden space 275456K, 99% used [0x00000000e0000000,0x00000000f0cfe008,0x00000000f0d00000)
  from space 120320K, 17% used [0x00000000f7f00000,0x00000000f93bbce8,0x00000000ff480000)
  to   space 116736K, 0% used [0x00000000f0d00000,0x00000000f0d00000,0x00000000f7f00000)
 ParOldGen       total 484352K, used 326489K [0x00000000a0000000, 0x00000000bd900000, 0x00000000e0000000)
  object space 484352K, 67% used [0x00000000a0000000,0x00000000b3ed6698,0x00000000bd900000)
 Metaspace       used 94580K, capacity 99414K, committed 99584K, reserved 1136640K
  class space    used 11894K, capacity 12939K, committed 13056K, reserved 1048576K
Event: 1089.360 GC heap after
Heap after GC invocations=35 (full 6):
 PSYoungGen      total 392192K, used 19105K [0x00000000e0000000, 0x00000000ff580000, 0x0000000100000000)
  eden space 275456K, 0% used [0x00000000e0000000,0x00000000e0000000,0x00000000f0d00000)
  from space 116736K, 16% used [0x00000000f0d00000,0x00000000f1fa8548,0x00000000f7f00000)
  to   space 113152K, 0% used [0x00000000f8700000,0x00000000f8700000,0x00000000ff580000)
 ParOldGen       total 484352K, used 326497K [0x00000000a0000000, 0x00000000bd900000, 0x00000000e0000000)
  object space 484352K, 67% used [0x00000000a0000000,0x00000000b3ed8698,0x00000000bd900000)
 Metaspace       used 94580K, capacity 99414K, committed 99584K, reserved 1136640K
  class space    used 11894K, capacity 12939K, committed 13056K, reserved 1048576K
}
Event: 1640.288 GC heap before
{Heap before GC invocations=36 (full 6):
 PSYoungGen      total 392192K, used 294561K [0x00000000e0000000, 0x00000000ff580000, 0x0000000100000000)
  eden space 275456K, 100% used [0x00000000e0000000,0x00000000f0d00000,0x00000000f0d00000)
  from space 116736K, 16% used [0x00000000f0d00000,0x00000000f1fa8548,0x00000000f7f00000)
  to   space 113152K, 0% used [0x00000000f8700000,0x00000000f8700000,0x00000000ff580000)
 ParOldGen       total 484352K, used 326497K [0x00000000a0000000, 0x00000000bd900000, 0x00000000e0000000)
  object space 484352K, 67% used [0x00000000a0000000,0x00000000b3ed8698,0x00000000bd900000)
 Metaspace       used 98248K, capacity 103388K, committed 103680K, reserved 1138688K
  class space    used 12364K, capacity 13504K, committed 13568K, reserved 1048576K
Event: 1640.421 GC heap after
Heap after GC invocations=36 (full 6):
 PSYoungGen      total 403456K, used 19890K [0x00000000e0000000, 0x00000000ff480000, 0x0000000100000000)
  eden space 291328K, 0% used [0x00000000e0000000,0x00000000e0000000,0x00000000f1c80000)
  from space 112128K, 17% used [0x00000000f8700000,0x00000000f9a6c9e0,0x00000000ff480000)
  to   space 109056K, 0% used [0x00000000f1c80000,0x00000000f1c80000,0x00000000f8700000)
 ParOldGen       total 484352K, used 326505K [0x00000000a0000000, 0x00000000bd900000, 0x00000000e0000000)
  object space 484352K, 67% used [0x00000000a0000000,0x00000000b3eda698,0x00000000bd900000)
 Metaspace       used 98248K, capacity 103388K, committed 103680K, reserved 1138688K
  class space    used 12364K, capacity 13504K, committed 13568K, reserved 1048576K
}
Event: 1646.678 GC heap before
{Heap before GC invocations=37 (full 6):
 PSYoungGen      total 403456K, used 311218K [0x00000000e0000000, 0x00000000ff480000, 0x0000000100000000)
  eden space 291328K, 100% used [0x00000000e0000000,0x00000000f1c80000,0x00000000f1c80000)
  from space 112128K, 17% used [0x00000000f8700000,0x00000000f9a6c9e0,0x00000000ff480000)
  to   space 109056K, 0% used [0x00000000f1c80000,0x00000000f1c80000,0x00000000f8700000)
 ParOldGen       total 484352K, used 326505K [0x00000000a0000000, 0x00000000bd900000, 0x00000000e0000000)
  object space 484352K, 67% used [0x00000000a0000000,0x00000000b3eda698,0x00000000bd900000)
 Metaspace       used 101211K, capacity 106622K, committed 106880K, reserved 1142784K
  class space    used 12684K, capacity 13863K, committed 13952K, reserved 1048576K
Event: 1646.980 GC heap after
Heap after GC invocations=37 (full 6):
 PSYoungGen      total 395264K, used 103554K [0x00000000e0000000, 0x0000000100000000, 0x0000000100000000)
  eden space 291328K, 0% used [0x00000000e0000000,0x00000000e0000000,0x00000000f1c80000)
  from space 103936K, 99% used [0x00000000f1c80000,0x00000000f81a0888,0x00000000f8200000)
  to   space 126464K, 0% used [0x00000000f8480000,0x00000000f8480000,0x0000000100000000)
 ParOldGen       total 484352K, used 326513K [0x00000000a0000000, 0x00000000bd900000, 0x00000000e0000000)
  object space 484352K, 67% used [0x00000000a0000000,0x00000000b3edc698,0x00000000bd900000)
 Metaspace       used 101211K, capacity 106622K, committed 106880K, reserved 1142784K
  class space    used 12684K, capacity 13863K, committed 13952K, reserved 1048576K
}
Event: 1648.639 GC heap before
{Heap before GC invocations=38 (full 6):
 PSYoungGen      total 395264K, used 394882K [0x00000000e0000000, 0x0000000100000000, 0x0000000100000000)
  eden space 291328K, 100% used [0x00000000e0000000,0x00000000f1c80000,0x00000000f1c80000)
  from space 103936K, 99% used [0x00000000f1c80000,0x00000000f81a0888,0x00000000f8200000)
  to   space 126464K, 0% used [0x00000000f8480000,0x00000000f8480000,0x0000000100000000)
 ParOldGen       total 484352K, used 326513K [0x00000000a0000000, 0x00000000bd900000, 0x00000000e0000000)
  object space 484352K, 67% used [0x00000000a0000000,0x00000000b3edc698,0x00000000bd900000)
 Metaspace       used 103541K, capacity 108980K, committed 109184K, reserved 1144832K
  class space    used 13007K, capacity 14196K, committed 14208K, reserved 1048576K
Event: 1649.016 GC heap after
Heap after GC invocations=38 (full 6):
 PSYoungGen      total 363008K, used 113068K [0x00000000e0000000, 0x0000000100000000, 0x0000000100000000)
  eden space 236544K, 0% used [0x00000000e0000000,0x00000000e0000000,0x00000000ee700000)
  from space 126464K, 89% used [0x00000000f8480000,0x00000000ff2eb130,0x0000000100000000)
  to   space 143872K, 0% used [0x00000000ee700000,0x00000000ee700000,0x00000000f7380000)
 ParOldGen       total 484352K, used 326521K [0x00000000a0000000, 0x00000000bd900000, 0x00000000e0000000)
  object space 484352K, 67% used [0x00000000a0000000,0x00000000b3ede698,0x00000000bd900000)
 Metaspace       used 103541K, capacity 108980K, committed 109184K, reserved 1144832K
  class space    used 13007K, capacity 14196K, committed 14208K, reserved 1048576K
}
Event: 1650.582 GC heap before
{Heap before GC invocations=39 (full 6):
 PSYoungGen      total 363008K, used 349612K [0x00000000e0000000, 0x0000000100000000, 0x0000000100000000)
  eden space 236544K, 100% used [0x00000000e0000000,0x00000000ee700000,0x00000000ee700000)
  from space 126464K, 89% used [0x00000000f8480000,0x00000000ff2eb130,0x0000000100000000)
  to   space 143872K, 0% used [0x00000000ee700000,0x00000000ee700000,0x00000000f7380000)
 ParOldGen       total 484352K, used 326521K [0x00000000a0000000, 0x00000000bd900000, 0x00000000e0000000)
  object space 484352K, 67% used [0x00000000a0000000,0x00000000b3ede698,0x00000000bd900000)
 Metaspace       used 103585K, capacity 109076K, committed 109312K, reserved 1144832K
  class space    used 13009K, capacity 14228K, committed 14336K, reserved 1048576K

