# JRE version: OpenJDK Runtime Environment (8.0_112-b06) (build 1.8.0_112-release-b06)
# Java VM: OpenJDK 64-Bit Server VM (25.112-b06 mixed mode windows-amd64 compressed oops)
Heap:
 PSYoungGen      total 14336K, used 7392K [0x00000000feb00000, 0x0000000100000000, 0x0000000100000000)
  eden space 7168K, 100% used [0x00000000feb00000,0x00000000ff200000,0x00000000ff200000)
  from space 7168K, 3% used [0x00000000ff200000,0x00000000ff238000,0x00000000ff900000)
  to   space 7168K, 2% used [0x00000000ff900000,0x00000000ff928000,0x0000000100000000)
 ParOldGen       total 44032K, used 9006K [0x00000000fc000000, 0x00000000feb00000, 0x00000000feb00000)
  object space 44032K, 20% used [0x00000000fc000000,0x00000000fc8cb8d0,0x00000000feb00000)
 Metaspace       used 8019K, capacity 8204K, committed 8448K, reserved 1056768K
  class space    used 903K, capacity 991K, committed 1024K, reserved 1048576K
GC Heap History (10 events):
Event: 5.333 GC heap after
Heap after GC invocations=5 (full 0):
 PSYoungGen      total 18944K, used 2559K [0x00000000feb00000, 0x0000000100000000, 0x0000000100000000)
  eden space 16384K, 0% used [0x00000000feb00000,0x00000000feb00000,0x00000000ffb00000)
  from space 2560K, 99% used [0x00000000ffb00000,0x00000000ffd7fff0,0x00000000ffd80000)
  to   space 2560K, 0% used [0x00000000ffd80000,0x00000000ffd80000,0x0000000100000000)
 ParOldGen       total 44032K, used 6177K [0x00000000fc000000, 0x00000000feb00000, 0x00000000feb00000)
  object space 44032K, 14% used [0x00000000fc000000,0x00000000fc608490,0x00000000feb00000)
 Metaspace       used 8014K, capacity 8204K, committed 8448K, reserved 1056768K
  class space    used 903K, capacity 991K, committed 1024K, reserved 1048576K
}
Event: 5.832 GC heap before
{Heap before GC invocations=6 (full 0):
 PSYoungGen      total 18944K, used 18943K [0x00000000feb00000, 0x0000000100000000, 0x0000000100000000)
  eden space 16384K, 100% used [0x00000000feb00000,0x00000000ffb00000,0x00000000ffb00000)
  from space 2560K, 99% used [0x00000000ffb00000,0x00000000ffd7fff0,0x00000000ffd80000)
  to   space 2560K, 0% used [0x00000000ffd80000,0x00000000ffd80000,0x0000000100000000)
 ParOldGen       total 44032K, used 6177K [0x00000000fc000000, 0x00000000feb00000, 0x00000000feb00000)
  object space 44032K, 14% used [0x00000000fc000000,0x00000000fc608490,0x00000000feb00000)
 Metaspace       used 8017K, capacity 8204K, committed 8448K, reserved 1056768K
  class space    used 903K, capacity 991K, committed 1024K, reserved 1048576K
Event: 5.868 GC heap after
Heap after GC invocations=6 (full 0):
 PSYoungGen      total 9728K, used 2559K [0x00000000feb00000, 0x0000000100000000, 0x0000000100000000)
  eden space 7168K, 0% used [0x00000000feb00000,0x00000000feb00000,0x00000000ff200000)
  from space 2560K, 99% used [0x00000000ffd80000,0x00000000fffffff0,0x0000000100000000)
  to   space 7168K, 0% used [0x00000000ff200000,0x00000000ff200000,0x00000000ff900000)
 ParOldGen       total 44032K, used 6345K [0x00000000fc000000, 0x00000000feb00000, 0x00000000feb00000)
  object space 44032K, 14% used [0x00000000fc000000,0x00000000fc632490,0x00000000feb00000)
 Metaspace       used 8017K, capacity 8204K, committed 8448K, reserved 1056768K
  class space    used 903K, capacity 991K, committed 1024K, reserved 1048576K
}
Event: 5.917 GC heap before
{Heap before GC invocations=7 (full 0):
 PSYoungGen      total 9728K, used 9727K [0x00000000feb00000, 0x0000000100000000, 0x0000000100000000)
  eden space 7168K, 100% used [0x00000000feb00000,0x00000000ff200000,0x00000000ff200000)
  from space 2560K, 99% used [0x00000000ffd80000,0x00000000fffffff0,0x0000000100000000)
  to   space 7168K, 0% used [0x00000000ff200000,0x00000000ff200000,0x00000000ff900000)
 ParOldGen       total 44032K, used 6345K [0x00000000fc000000, 0x00000000feb00000, 0x00000000feb00000)
  object space 44032K, 14% used [0x00000000fc000000,0x00000000fc632490,0x00000000feb00000)
 Metaspace       used 8018K, capacity 8204K, committed 8448K, reserved 1056768K
  class space    used 903K, capacity 991K, committed 1024K, reserved 1048576K
Event: 5.932 GC heap after
Heap after GC invocations=7 (full 0):
 PSYoungGen      total 14336K, used 480K [0x00000000feb00000, 0x0000000100000000, 0x0000000100000000)
  eden space 7168K, 0% used [0x00000000feb00000,0x00000000feb00000,0x00000000ff200000)
  from space 7168K, 6% used [0x00000000ff200000,0x00000000ff278000,0x00000000ff900000)
  to   space 7168K, 0% used [0x00000000ff900000,0x00000000ff900000,0x0000000100000000)
 ParOldGen       total 44032K, used 8589K [0x00000000fc000000, 0x00000000feb00000, 0x00000000feb00000)
  object space 44032K, 19% used [0x00000000fc000000,0x00000000fc8634a0,0x00000000feb00000)
 Metaspace       used 8018K, capacity 8204K, committed 8448K, reserved 1056768K
  class space    used 903K, capacity 991K, committed 1024K, reserved 1048576K
}
Event: 5.972 GC heap before
{Heap before GC invocations=8 (full 0):
 PSYoungGen      total 14336K, used 7648K [0x00000000feb00000, 0x0000000100000000, 0x0000000100000000)
  eden space 7168K, 100% used [0x00000000feb00000,0x00000000ff200000,0x00000000ff200000)
  from space 7168K, 6% used [0x00000000ff200000,0x00000000ff278000,0x00000000ff900000)
  to   space 7168K, 0% used [0x00000000ff900000,0x00000000ff900000,0x0000000100000000)
 ParOldGen       total 44032K, used 8589K [0x00000000fc000000, 0x00000000feb00000, 0x00000000feb00000)
  object space 44032K, 19% used [0x00000000fc000000,0x00000000fc8634a0,0x00000000feb00000)
 Metaspace       used 8018K, capacity 8204K, committed 8448K, reserved 1056768K
  class space    used 903K, capacity 991K, committed 1024K, reserved 1048576K
Event: 6.064 GC heap after
Heap after GC invocations=8 (full 0):
 PSYoungGen      total 14336K, used 480K [0x00000000feb00000, 0x0000000100000000, 0x0000000100000000)
  eden space 7168K, 0% used [0x00000000feb00000,0x00000000feb00000,0x00000000ff200000)
  from space 7168K, 6% used [0x00000000ff900000,0x00000000ff978000,0x0000000100000000)
  to   space 7168K, 0% used [0x00000000ff200000,0x00000000ff200000,0x00000000ff900000)
 ParOldGen       total 44032K, used 8605K [0x00000000fc000000, 0x00000000feb00000, 0x00000000feb00000)
  object space 44032K, 19% used [0x00000000fc000000,0x00000000fc8674a0,0x00000000feb00000)
 Metaspace       used 8018K, capacity 8204K, committed 8448K, reserved 1056768K
  class space    used 903K, capacity 991K, committed 1024K, reserved 1048576K
}
Event: 6.112 GC heap before
{Heap before GC invocations=9 (full 0):
 PSYoungGen      total 14336K, used 7648K [0x00000000feb00000, 0x0000000100000000, 0x0000000100000000)
  eden space 7168K, 100% used [0x00000000feb00000,0x00000000ff200000,0x00000000ff200000)
  from space 7168K, 6% used [0x00000000ff900000,0x00000000ff978000,0x0000000100000000)
  to   space 7168K, 0% used [0x00000000ff200000,0x00000000ff200000,0x00000000ff900000)
 ParOldGen       total 44032K, used 8605K [0x00000000fc000000, 0x00000000feb00000, 0x00000000feb00000)
  object space 44032K, 19% used [0x00000000fc000000,0x00000000fc8674a0,0x00000000feb00000)
 Metaspace       used 8019K, capacity 8204K, committed 8448K, reserved 1056768K
  class space    used 903K, capacity 991K, committed 1024K, reserved 1048576K
Event: 6.162 GC heap after
Heap after GC invocations=9 (full 0):
 PSYoungGen      total 14336K, used 224K [0x00000000feb00000, 0x0000000100000000, 0x0000000100000000)
  eden space 7168K, 0% used [0x00000000feb00000,0x00000000feb00000,0x00000000ff200000)
  from space 7168K, 3% used [0x00000000ff200000,0x00000000ff238000,0x00000000ff900000)
  to   space 7168K, 0% used [0x00000000ff900000,0x00000000ff900000,0x0000000100000000)
 ParOldGen       total 44032K, used 8905K [0x00000000fc000000, 0x00000000feb00000, 0x00000000feb00000)
  object space 44032K, 20% used [0x00000000fc000000,0x00000000fc8b24c0,0x00000000feb00000)
 Metaspace       used 8019K, capacity 8204K, committed 8448K, reserved 1056768K
  class space    used 903K, capacity 991K, committed 1024K, reserved 1048576K
}
Event: 6.185 GC heap before
{Heap before GC invocations=10 (full 0):
 PSYoungGen      total 14336K, used 7392K [0x00000000feb00000, 0x0000000100000000, 0x0000000100000000)
  eden space 7168K, 100% used [0x00000000feb00000,0x00000000ff200000,0x00000000ff200000)
  from space 7168K, 3% used [0x00000000ff200000,0x00000000ff238000,0x00000000ff900000)
  to   space 7168K, 0% used [0x00000000ff900000,0x00000000ff900000,0x0000000100000000)
 ParOldGen       total 44032K, used 8905K [0x00000000fc000000, 0x00000000feb00000, 0x00000000feb00000)
  object space 44032K, 20% used [0x00000000fc000000,0x00000000fc8b24c0,0x00000000feb00000)
 Metaspace       used 8019K, capacity 8204K, committed 8448K, reserved 1056768K
  class space    used 903K, capacity 991K, committed 1024K, reserved 1048576K

